TN:
SF:src/polyfills.ts
FNF:0
FNH:0
LF:0
LH:0
BRF:0
BRH:0
end_of_record
TN:
SF:src/test.ts
FNF:0
FNH:0
DA:18,1
DA:23,1
DA:25,1
LF:3
LH:3
BRF:0
BRH:0
end_of_record
TN:
SF:src/app/app.component.ts
FNF:0
FNH:0
DA:8,1
DA:9,2
LF:2
LH:2
BRF:0
BRH:0
end_of_record
TN:
SF:src/app/components/tables/tables.component.ts
FN:27,(anonymous_0)
FN:30,(anonymous_1)
FN:37,(anonymous_2)
FN:38,(anonymous_3)
FN:53,(anonymous_4)
FN:55,(anonymous_5)
FN:61,(anonymous_6)
FN:62,(anonymous_7)
FN:67,(anonymous_8)
FN:74,(anonymous_9)
FNF:10
FNH:6
FNDA:3,(anonymous_0)
FNDA:4,(anonymous_1)
FNDA:4,(anonymous_2)
FNDA:4,(anonymous_3)
FNDA:4,(anonymous_4)
FNDA:0,(anonymous_5)
FNDA:0,(anonymous_6)
FNDA:0,(anonymous_7)
FNDA:0,(anonymous_8)
FNDA:1,(anonymous_9)
DA:14,1
DA:22,3
DA:24,3
DA:27,3
DA:28,3
DA:31,4
DA:33,4
DA:38,4
DA:39,4
DA:40,4
DA:50,4
DA:55,4
DA:56,0
DA:57,0
DA:62,0
DA:63,0
DA:64,0
DA:68,0
DA:69,0
DA:70,0
DA:76,1
DA:77,0
DA:79,1
DA:80,1
DA:82,1
DA:83,1
LF:26
LH:17
BRDA:76,0,0,0
BRDA:76,0,1,1
BRDA:79,1,0,1
BRDA:79,1,1,0
BRDA:82,2,0,1
BRDA:82,2,1,0
BRF:6
BRH:3
end_of_record
TN:
SF:src/app/services/get-employee-data.service.ts
FN:11,(anonymous_0)
FN:13,(anonymous_1)
FNF:2
FNH:2
FNDA:2,(anonymous_0)
FNDA:1,(anonymous_1)
DA:8,1
DA:9,2
DA:11,2
DA:14,1
DA:15,1
LF:5
LH:5
BRF:0
BRH:0
end_of_record
TN:
SF:src/app/services/socket.service.ts
FN:10,(anonymous_0)
FN:17,(anonymous_1)
FN:18,(anonymous_2)
FN:19,(anonymous_3)
FN:14,(anonymous_4)
FNF:5
FNH:4
FNDA:5,(anonymous_0)
FNDA:4,(anonymous_1)
FNDA:4,(anonymous_2)
FNDA:0,(anonymous_3)
FNDA:5,(anonymous_4)
DA:7,1
DA:11,5
DA:12,5
DA:15,5
DA:17,5
DA:18,4
DA:19,4
DA:20,0
LF:8
LH:7
BRF:0
BRH:0
end_of_record
TN:
SF:src/testing/get-employee-data-mock.service.ts
FN:4,(anonymous_0)
FN:9,(anonymous_1)
FN:10,(anonymous_2)
FNF:3
FNH:1
FNDA:3,(anonymous_0)
FNDA:0,(anonymous_1)
FNDA:0,(anonymous_2)
DA:5,3
DA:10,0
DA:11,0
LF:3
LH:1
BRF:0
BRH:0
end_of_record
