TN:
SF:src/polyfills.ts
FNF:0
FNH:0
LF:0
LH:0
BRF:0
BRH:0
end_of_record
TN:
SF:src/test.ts
FNF:0
FNH:0
DA:18,1
DA:23,1
DA:25,1
LF:3
LH:3
BRF:0
BRH:0
end_of_record
TN:
SF:src/app/app.component.ts
FNF:0
FNH:0
DA:8,1
DA:9,2
LF:2
LH:2
BRF:0
BRH:0
end_of_record
TN:
SF:src/app/components/tables/tables.component.ts
FN:34,(anonymous_0)
FN:37,(anonymous_1)
FN:44,(anonymous_2)
FN:45,(anonymous_3)
FN:60,(anonymous_4)
FN:62,(anonymous_5)
FN:68,(anonymous_6)
FN:69,(anonymous_7)
FN:74,(anonymous_8)
FN:81,(anonymous_9)
FNF:10
FNH:6
FNDA:3,(anonymous_0)
FNDA:4,(anonymous_1)
FNDA:4,(anonymous_2)
FNDA:4,(anonymous_3)
FNDA:4,(anonymous_4)
FNDA:0,(anonymous_5)
FNDA:0,(anonymous_6)
FNDA:0,(anonymous_7)
FNDA:0,(anonymous_8)
FNDA:1,(anonymous_9)
DA:14,1
DA:19,3
DA:20,3
DA:22,3
DA:31,3
DA:34,3
DA:35,3
DA:38,4
DA:40,4
DA:45,4
DA:46,4
DA:47,4
DA:57,4
DA:62,4
DA:63,0
DA:64,0
DA:69,0
DA:70,0
DA:71,0
DA:75,0
DA:76,0
DA:77,0
DA:83,1
DA:84,0
DA:86,1
DA:87,1
DA:89,1
DA:90,1
LF:28
LH:19
BRDA:83,0,0,0
BRDA:83,0,1,1
BRDA:86,1,0,1
BRDA:86,1,1,0
BRDA:89,2,0,1
BRDA:89,2,1,0
BRF:6
BRH:3
end_of_record
TN:
SF:src/app/services/get-employee-data.service.ts
FN:11,(anonymous_0)
FN:13,(anonymous_1)
FNF:2
FNH:2
FNDA:2,(anonymous_0)
FNDA:1,(anonymous_1)
DA:8,1
DA:9,2
DA:11,2
DA:14,1
DA:15,1
LF:5
LH:5
BRF:0
BRH:0
end_of_record
TN:
SF:src/app/services/socket.service.ts
FN:9,(anonymous_0)
FN:17,(anonymous_1)
FN:18,(anonymous_2)
FN:19,(anonymous_3)
FN:14,(anonymous_4)
FNF:5
FNH:4
FNDA:4,(anonymous_0)
FNDA:4,(anonymous_1)
FNDA:4,(anonymous_2)
FNDA:0,(anonymous_3)
FNDA:4,(anonymous_4)
DA:7,1
DA:10,4
DA:11,4
DA:15,4
DA:17,4
DA:18,4
DA:19,4
DA:20,0
LF:8
LH:7
BRF:0
BRH:0
end_of_record
TN:
SF:src/testing/get-employee-data-mock.service.ts
FN:4,(anonymous_0)
FN:9,(anonymous_1)
FN:10,(anonymous_2)
FNF:3
FNH:1
FNDA:3,(anonymous_0)
FNDA:0,(anonymous_1)
FNDA:0,(anonymous_2)
DA:5,3
DA:10,0
DA:11,0
LF:3
LH:1
BRF:0
BRH:0
end_of_record
